1698070956734	geckodriver	INFO	Listening on 127.0.0.1:40119
1698070973064	geckodriver	INFO	Listening on 127.0.0.1:42387
1698071001144	geckodriver	INFO	Listening on 127.0.0.1:38647
1698071042228	geckodriver	INFO	Listening on 127.0.0.1:58265
1698071211134	geckodriver	INFO	Listening on 127.0.0.1:57731
1698071211143	mozrunner::runner	INFO	Running command: MOZ_CRASHREPORTER="1" MOZ_CRASHREPORTER_NO_REPORT="1" MOZ_CRASHREPORTER_SHUTDOWN="1" MOZ_NO_REMOTE="1" "/usr ... .0" "--remote-debugging-port" "57881" "--remote-allow-hosts" "localhost" "-no-remote" "-profile" "/tmp/rust_mozprofilel5FNr8"
1698071211604	addons.webextension.doh-rollout@mozilla.org	WARN	Loading extension 'doh-rollout@mozilla.org': Reading manifest: Invalid extension permission: networkStatus
1698071212025	addons.webextension.screenshots@mozilla.org	WARN	Loading extension 'screenshots@mozilla.org': Reading manifest: Invalid extension permission: mozillaAddons
1698071212025	addons.webextension.screenshots@mozilla.org	WARN	Loading extension 'screenshots@mozilla.org': Reading manifest: Invalid extension permission: telemetry
1698071212025	addons.webextension.screenshots@mozilla.org	WARN	Loading extension 'screenshots@mozilla.org': Reading manifest: Invalid extension permission: resource://pdf.js/
1698071212025	addons.webextension.screenshots@mozilla.org	WARN	Loading extension 'screenshots@mozilla.org': Reading manifest: Invalid extension permission: about:reader*
1698071212065	addons.xpi-utils	WARN	Add-on langpack-en-CA@firefox.mozilla.org is not compatible with application version.
1698071212065	addons.xpi-utils	WARN	Add-on langpack-en-CA@firefox.mozilla.org is not compatible with application version.
1698071212065	addons.xpi-utils	WARN	Add-on langpack-en-CA@firefox.mozilla.org is not compatible with application version.
1698071212072	addons.xpi-utils	WARN	Add-on langpack-ca-valencia@firefox.mozilla.org is not compatible with application version.
1698071212072	addons.xpi-utils	WARN	Add-on langpack-ca-valencia@firefox.mozilla.org is not compatible with application version.
1698071212073	addons.xpi-utils	WARN	Add-on langpack-ca-valencia@firefox.mozilla.org is not compatible with application version.
1698071212078	addons.xpi-utils	WARN	Add-on langpack-en-GB@firefox.mozilla.org is not compatible with application version.
1698071212078	addons.xpi-utils	WARN	Add-on langpack-en-GB@firefox.mozilla.org is not compatible with application version.
1698071212078	addons.xpi-utils	WARN	Add-on langpack-en-GB@firefox.mozilla.org is not compatible with application version.
1698071212082	addons.xpi-utils	WARN	Add-on langpack-ca@firefox.mozilla.org is not compatible with application version.
1698071212082	addons.xpi-utils	WARN	Add-on langpack-ca@firefox.mozilla.org is not compatible with application version.
1698071212083	addons.xpi-utils	WARN	Add-on langpack-ca@firefox.mozilla.org is not compatible with application version.
JavaScript error: resource://gre/modules/XULStore.jsm, line 66: Error: Can't find profile directory.
1698071213637	Marionette	INFO	Listening on port 34865
1698071213662	Marionette	WARN	TLS certificate errors will be ignored for this session
1698071265027	Marionette	INFO	Stopped listening on port 34865
1698071384147	geckodriver	INFO	Listening on 127.0.0.1:38783
1698071384155	mozrunner::runner	INFO	Running command: MOZ_CRASHREPORTER="1" MOZ_CRASHREPORTER_NO_REPORT="1" MOZ_CRASHREPORTER_SHUTDOWN="1" MOZ_NO_REMOTE="1" "/usr ... .0" "--remote-debugging-port" "54415" "--remote-allow-hosts" "localhost" "-no-remote" "-profile" "/tmp/rust_mozprofilezzzpIR"
1698071384568	addons.webextension.doh-rollout@mozilla.org	WARN	Loading extension 'doh-rollout@mozilla.org': Reading manifest: Invalid extension permission: networkStatus
1698071384970	addons.webextension.screenshots@mozilla.org	WARN	Loading extension 'screenshots@mozilla.org': Reading manifest: Invalid extension permission: mozillaAddons
1698071384970	addons.webextension.screenshots@mozilla.org	WARN	Loading extension 'screenshots@mozilla.org': Reading manifest: Invalid extension permission: telemetry
1698071384970	addons.webextension.screenshots@mozilla.org	WARN	Loading extension 'screenshots@mozilla.org': Reading manifest: Invalid extension permission: resource://pdf.js/
1698071384970	addons.webextension.screenshots@mozilla.org	WARN	Loading extension 'screenshots@mozilla.org': Reading manifest: Invalid extension permission: about:reader*
1698071384992	addons.xpi-utils	WARN	Add-on langpack-en-CA@firefox.mozilla.org is not compatible with application version.
1698071384992	addons.xpi-utils	WARN	Add-on langpack-en-CA@firefox.mozilla.org is not compatible with application version.
1698071384992	addons.xpi-utils	WARN	Add-on langpack-en-CA@firefox.mozilla.org is not compatible with application version.
1698071384998	addons.xpi-utils	WARN	Add-on langpack-ca-valencia@firefox.mozilla.org is not compatible with application version.
1698071384998	addons.xpi-utils	WARN	Add-on langpack-ca-valencia@firefox.mozilla.org is not compatible with application version.
1698071384998	addons.xpi-utils	WARN	Add-on langpack-ca-valencia@firefox.mozilla.org is not compatible with application version.
1698071385003	addons.xpi-utils	WARN	Add-on langpack-en-GB@firefox.mozilla.org is not compatible with application version.
1698071385003	addons.xpi-utils	WARN	Add-on langpack-en-GB@firefox.mozilla.org is not compatible with application version.
1698071385003	addons.xpi-utils	WARN	Add-on langpack-en-GB@firefox.mozilla.org is not compatible with application version.
1698071385007	addons.xpi-utils	WARN	Add-on langpack-ca@firefox.mozilla.org is not compatible with application version.
1698071385007	addons.xpi-utils	WARN	Add-on langpack-ca@firefox.mozilla.org is not compatible with application version.
1698071385007	addons.xpi-utils	WARN	Add-on langpack-ca@firefox.mozilla.org is not compatible with application version.
JavaScript error: resource://gre/modules/XULStore.jsm, line 66: Error: Can't find profile directory.
1698071386627	Marionette	INFO	Listening on port 33809
1698071386664	Marionette	WARN	TLS certificate errors will be ignored for this session
1698071420173	Marionette	INFO	Stopped listening on port 33809
1698071519190	geckodriver	INFO	Listening on 127.0.0.1:36063
1698071519199	mozrunner::runner	INFO	Running command: MOZ_CRASHREPORTER="1" MOZ_CRASHREPORTER_NO_REPORT="1" MOZ_CRASHREPORTER_SHUTDOWN="1" MOZ_NO_REMOTE="1" "/usr ... .0" "--remote-debugging-port" "45485" "--remote-allow-hosts" "localhost" "-no-remote" "-profile" "/tmp/rust_mozprofilemiXCp7"
1698071519687	addons.webextension.doh-rollout@mozilla.org	WARN	Loading extension 'doh-rollout@mozilla.org': Reading manifest: Invalid extension permission: networkStatus
1698071520120	addons.webextension.screenshots@mozilla.org	WARN	Loading extension 'screenshots@mozilla.org': Reading manifest: Invalid extension permission: mozillaAddons
1698071520120	addons.webextension.screenshots@mozilla.org	WARN	Loading extension 'screenshots@mozilla.org': Reading manifest: Invalid extension permission: telemetry
1698071520120	addons.webextension.screenshots@mozilla.org	WARN	Loading extension 'screenshots@mozilla.org': Reading manifest: Invalid extension permission: resource://pdf.js/
1698071520120	addons.webextension.screenshots@mozilla.org	WARN	Loading extension 'screenshots@mozilla.org': Reading manifest: Invalid extension permission: about:reader*
1698071520143	addons.xpi-utils	WARN	Add-on langpack-en-CA@firefox.mozilla.org is not compatible with application version.
1698071520143	addons.xpi-utils	WARN	Add-on langpack-en-CA@firefox.mozilla.org is not compatible with application version.
1698071520143	addons.xpi-utils	WARN	Add-on langpack-en-CA@firefox.mozilla.org is not compatible with application version.
1698071520148	addons.xpi-utils	WARN	Add-on langpack-ca-valencia@firefox.mozilla.org is not compatible with application version.
1698071520148	addons.xpi-utils	WARN	Add-on langpack-ca-valencia@firefox.mozilla.org is not compatible with application version.
1698071520148	addons.xpi-utils	WARN	Add-on langpack-ca-valencia@firefox.mozilla.org is not compatible with application version.
1698071520153	addons.xpi-utils	WARN	Add-on langpack-en-GB@firefox.mozilla.org is not compatible with application version.
1698071520153	addons.xpi-utils	WARN	Add-on langpack-en-GB@firefox.mozilla.org is not compatible with application version.
1698071520153	addons.xpi-utils	WARN	Add-on langpack-en-GB@firefox.mozilla.org is not compatible with application version.
1698071520158	addons.xpi-utils	WARN	Add-on langpack-ca@firefox.mozilla.org is not compatible with application version.
1698071520158	addons.xpi-utils	WARN	Add-on langpack-ca@firefox.mozilla.org is not compatible with application version.
1698071520158	addons.xpi-utils	WARN	Add-on langpack-ca@firefox.mozilla.org is not compatible with application version.
JavaScript error: resource://gre/modules/XULStore.jsm, line 66: Error: Can't find profile directory.
1698071521822	Marionette	INFO	Listening on port 44633
1698071521911	Marionette	WARN	TLS certificate errors will be ignored for this session
Exiting due to channel error.
1698071534600	geckodriver	INFO	Listening on 127.0.0.1:47957
1698071534609	mozrunner::runner	INFO	Running command: MOZ_CRASHREPORTER="1" MOZ_CRASHREPORTER_NO_REPORT="1" MOZ_CRASHREPORTER_SHUTDOWN="1" MOZ_NO_REMOTE="1" "/usr ... .0" "--remote-debugging-port" "41273" "--remote-allow-hosts" "localhost" "-no-remote" "-profile" "/tmp/rust_mozprofileFaVvAy"
1698071535123	addons.webextension.doh-rollout@mozilla.org	WARN	Loading extension 'doh-rollout@mozilla.org': Reading manifest: Invalid extension permission: networkStatus
1698071535568	addons.webextension.screenshots@mozilla.org	WARN	Loading extension 'screenshots@mozilla.org': Reading manifest: Invalid extension permission: mozillaAddons
1698071535569	addons.webextension.screenshots@mozilla.org	WARN	Loading extension 'screenshots@mozilla.org': Reading manifest: Invalid extension permission: telemetry
1698071535569	addons.webextension.screenshots@mozilla.org	WARN	Loading extension 'screenshots@mozilla.org': Reading manifest: Invalid extension permission: resource://pdf.js/
1698071535569	addons.webextension.screenshots@mozilla.org	WARN	Loading extension 'screenshots@mozilla.org': Reading manifest: Invalid extension permission: about:reader*
1698071535591	addons.xpi-utils	WARN	Add-on langpack-en-CA@firefox.mozilla.org is not compatible with application version.
1698071535592	addons.xpi-utils	WARN	Add-on langpack-en-CA@firefox.mozilla.org is not compatible with application version.
1698071535592	addons.xpi-utils	WARN	Add-on langpack-en-CA@firefox.mozilla.org is not compatible with application version.
1698071535597	addons.xpi-utils	WARN	Add-on langpack-ca-valencia@firefox.mozilla.org is not compatible with application version.
1698071535597	addons.xpi-utils	WARN	Add-on langpack-ca-valencia@firefox.mozilla.org is not compatible with application version.
1698071535597	addons.xpi-utils	WARN	Add-on langpack-ca-valencia@firefox.mozilla.org is not compatible with application version.
1698071535603	addons.xpi-utils	WARN	Add-on langpack-en-GB@firefox.mozilla.org is not compatible with application version.
1698071535603	addons.xpi-utils	WARN	Add-on langpack-en-GB@firefox.mozilla.org is not compatible with application version.
1698071535603	addons.xpi-utils	WARN	Add-on langpack-en-GB@firefox.mozilla.org is not compatible with application version.
1698071535607	addons.xpi-utils	WARN	Add-on langpack-ca@firefox.mozilla.org is not compatible with application version.
1698071535607	addons.xpi-utils	WARN	Add-on langpack-ca@firefox.mozilla.org is not compatible with application version.
1698071535608	addons.xpi-utils	WARN	Add-on langpack-ca@firefox.mozilla.org is not compatible with application version.
JavaScript error: resource://gre/modules/XULStore.jsm, line 66: Error: Can't find profile directory.
1698071537305	Marionette	INFO	Listening on port 37051
1698071537324	Marionette	WARN	TLS certificate errors will be ignored for this session
Exiting due to channel error.
1698071549585	geckodriver	INFO	Listening on 127.0.0.1:37299
1698071549596	mozrunner::runner	INFO	Running command: MOZ_CRASHREPORTER="1" MOZ_CRASHREPORTER_NO_REPORT="1" MOZ_CRASHREPORTER_SHUTDOWN="1" MOZ_NO_REMOTE="1" "/usr ... .0" "--remote-debugging-port" "60543" "--remote-allow-hosts" "localhost" "-no-remote" "-profile" "/tmp/rust_mozprofilexrOmlX"
1698071550062	addons.webextension.doh-rollout@mozilla.org	WARN	Loading extension 'doh-rollout@mozilla.org': Reading manifest: Invalid extension permission: networkStatus
1698071550484	addons.webextension.screenshots@mozilla.org	WARN	Loading extension 'screenshots@mozilla.org': Reading manifest: Invalid extension permission: mozillaAddons
1698071550484	addons.webextension.screenshots@mozilla.org	WARN	Loading extension 'screenshots@mozilla.org': Reading manifest: Invalid extension permission: telemetry
1698071550484	addons.webextension.screenshots@mozilla.org	WARN	Loading extension 'screenshots@mozilla.org': Reading manifest: Invalid extension permission: resource://pdf.js/
1698071550484	addons.webextension.screenshots@mozilla.org	WARN	Loading extension 'screenshots@mozilla.org': Reading manifest: Invalid extension permission: about:reader*
1698071550518	addons.xpi-utils	WARN	Add-on langpack-en-CA@firefox.mozilla.org is not compatible with application version.
1698071550518	addons.xpi-utils	WARN	Add-on langpack-en-CA@firefox.mozilla.org is not compatible with application version.
1698071550519	addons.xpi-utils	WARN	Add-on langpack-en-CA@firefox.mozilla.org is not compatible with application version.
1698071550528	addons.xpi-utils	WARN	Add-on langpack-ca-valencia@firefox.mozilla.org is not compatible with application version.
1698071550528	addons.xpi-utils	WARN	Add-on langpack-ca-valencia@firefox.mozilla.org is not compatible with application version.
1698071550529	addons.xpi-utils	WARN	Add-on langpack-ca-valencia@firefox.mozilla.org is not compatible with application version.
1698071550537	addons.xpi-utils	WARN	Add-on langpack-en-GB@firefox.mozilla.org is not compatible with application version.
1698071550537	addons.xpi-utils	WARN	Add-on langpack-en-GB@firefox.mozilla.org is not compatible with application version.
1698071550537	addons.xpi-utils	WARN	Add-on langpack-en-GB@firefox.mozilla.org is not compatible with application version.
1698071550544	addons.xpi-utils	WARN	Add-on langpack-ca@firefox.mozilla.org is not compatible with application version.
1698071550544	addons.xpi-utils	WARN	Add-on langpack-ca@firefox.mozilla.org is not compatible with application version.
1698071550545	addons.xpi-utils	WARN	Add-on langpack-ca@firefox.mozilla.org is not compatible with application version.
JavaScript error: resource://gre/modules/XULStore.jsm, line 66: Error: Can't find profile directory.
1698071552202	Marionette	INFO	Listening on port 34463
1698071552211	Marionette	WARN	TLS certificate errors will be ignored for this session
1698071562553	Marionette	INFO	Stopped listening on port 34463
Invalid port. Exiting...
Invalid port. Exiting...
Invalid port. Exiting...
