divendres, 3 de maig de 2024, 09:42:47 CEST
2024-05-03 09:42:51,507 [INFO] [config.py:62] - Sensor kakkz iniciat correctament (Cridat des de /home/catalanet/XMCD/monitor.py línia 99 funció <module>)
2024-05-03 09:42:51,647 [INFO] [config.py:62] - S'utilitzarà la mida de sobretaula ... (Cridat des de /home/catalanet/XMCD/monitor.py línia 104 funció <module>)
2024-05-03 09:42:51,682 [INFO] [config.py:62] - Creant el navegador Firefox ... (Cridat des de /home/catalanet/XMCD/monitor.py línia 110 funció <module>)
2024-05-03 09:43:14,718 [INFO] [config.py:62] - Navegador Firefox creat correctament (Cridat des de /home/catalanet/XMCD/monitor.py línia 113 funció <module>)
2024-05-03 09:43:14,754 [INFO] [config.py:62] - Creant el cercador Bing ... (Cridat des de /home/catalanet/XMCD/monitor.py línia 119 funció <module>)
2024-05-03 09:43:22,563 [INFO] [config.py:62] - Cercador Bing creat correctament (Cridat des de /home/catalanet/XMCD/monitor.py línia 122 funció <module>)
2024-05-03 09:43:22,998 [INFO] [config.py:62] - Cerca a executar: augmentar brillantor apple (Cridat des de /home/catalanet/XMCD/monitor.py línia 135 funció <module>)
2024-05-03 09:44:10,277 [INFO] [cercador_bing.py:134] - Valorant els resultats de augmentar brillantor apple...
2024-05-03 09:44:10,314 [INFO] [monitor.py:72] - Guardant a la base de dades els resultats per la cerca augmentar brillantor apple
2024-05-03 09:44:10,315 [INFO] [monitor.py:74] - Guardant a la base de dades la posició 1, amb el sensor kakkz
2024-05-03 09:44:10,465 [INFO] [monitor.py:74] - Guardant a la base de dades la posició 2, amb el sensor kakkz
2024-05-03 09:44:10,569 [INFO] [monitor.py:74] - Guardant a la base de dades la posició 3, amb el sensor kakkz
2024-05-03 09:44:10,675 [INFO] [monitor.py:74] - Guardant a la base de dades la posició 4, amb el sensor kakkz
2024-05-03 09:44:10,779 [INFO] [monitor.py:74] - Guardant a la base de dades la posició 5, amb el sensor kakkz
2024-05-03 09:44:10,883 [INFO] [monitor.py:74] - Guardant a la base de dades la posició 6, amb el sensor kakkz
2024-05-03 09:44:10,989 [INFO] [monitor.py:74] - Guardant a la base de dades la posició 7, amb el sensor kakkz
2024-05-03 09:44:11,102 [INFO] [monitor.py:74] - Guardant a la base de dades la posició 8, amb el sensor kakkz
2024-05-03 09:44:11,211 [INFO] [monitor.py:74] - Guardant a la base de dades la posició 9, amb el sensor kakkz
2024-05-03 09:44:11,315 [INFO] [monitor.py:74] - Guardant a la base de dades la posició 10, amb el sensor kakkz
2024-05-03 09:44:24,753 [INFO] [config.py:62] - Crawler finalitzat (Cridat des de /home/catalanet/XMCD/monitor.py línia 157 funció <module>)
divendres, 3 de maig de 2024, 09:45:01 CEST
2024-05-03 09:45:05,849 [INFO] [config.py:62] - Sensor kakkz iniciat correctament (Cridat des de /home/catalanet/XMCD/monitor.py línia 99 funció <module>)
2024-05-03 09:45:05,990 [INFO] [config.py:62] - S'utilitzarà la mida de sobretaula ... (Cridat des de /home/catalanet/XMCD/monitor.py línia 104 funció <module>)
2024-05-03 09:45:06,024 [INFO] [config.py:62] - Creant el navegador Chrome ... (Cridat des de /home/catalanet/XMCD/monitor.py línia 110 funció <module>)
2024-05-03 09:45:20,290 [INFO] [config.py:62] - Navegador Chrome creat correctament (Cridat des de /home/catalanet/XMCD/monitor.py línia 113 funció <module>)
2024-05-03 09:45:20,326 [INFO] [config.py:62] - Creant el cercador Google ... (Cridat des de /home/catalanet/XMCD/monitor.py línia 119 funció <module>)
2024-05-03 09:45:30,392 [INFO] [config.py:62] - Cercador Google creat correctament (Cridat des de /home/catalanet/XMCD/monitor.py línia 122 funció <module>)
2024-05-03 09:45:30,669 [INFO] [config.py:62] - Cerca a executar: morad (Cridat des de /home/catalanet/XMCD/monitor.py línia 135 funció <module>)
2024-05-03 09:45:52,455 [INFO] [cercador_google.py:167] - Valorant els resultats de morad...
2024-05-03 09:45:52,456 [INFO] [monitor.py:72] - Guardant a la base de dades els resultats per la cerca morad
2024-05-03 09:45:52,457 [INFO] [monitor.py:74] - Guardant a la base de dades la posició 1, amb el sensor kakkz
2024-05-03 09:45:52,534 [INFO] [monitor.py:74] - Guardant a la base de dades la posició 2, amb el sensor kakkz
2024-05-03 09:45:52,636 [INFO] [monitor.py:74] - Guardant a la base de dades la posició 3, amb el sensor kakkz
2024-05-03 09:45:52,740 [INFO] [monitor.py:74] - Guardant a la base de dades la posició 4, amb el sensor kakkz
2024-05-03 09:45:52,842 [INFO] [monitor.py:74] - Guardant a la base de dades la posició 5, amb el sensor kakkz
2024-05-03 09:45:52,945 [INFO] [monitor.py:74] - Guardant a la base de dades la posició 6, amb el sensor kakkz
2024-05-03 09:45:53,048 [INFO] [monitor.py:74] - Guardant a la base de dades la posició 7, amb el sensor kakkz
2024-05-03 09:45:53,151 [INFO] [monitor.py:74] - Guardant a la base de dades la posició 8, amb el sensor kakkz
2024-05-03 09:45:53,253 [INFO] [monitor.py:74] - Guardant a la base de dades la posició 9, amb el sensor kakkz
2024-05-03 09:45:53,355 [INFO] [monitor.py:74] - Guardant a la base de dades la posició 10, amb el sensor kakkz
2024-05-03 09:45:53,740 [INFO] [config.py:62] - Crawler finalitzat (Cridat des de /home/catalanet/XMCD/monitor.py línia 157 funció <module>)
divendres, 3 de maig de 2024, 09:46:55 CEST
2024-05-03 09:46:58,853 [INFO] [config.py:62] - Sensor kakkz iniciat correctament (Cridat des de /home/catalanet/XMCD/monitor.py línia 99 funció <module>)
2024-05-03 09:46:58,999 [INFO] [config.py:62] - S'utilitzarà la mida de sobretaula ... (Cridat des de /home/catalanet/XMCD/monitor.py línia 104 funció <module>)
2024-05-03 09:46:59,034 [INFO] [config.py:62] - Creant el navegador Chrome ... (Cridat des de /home/catalanet/XMCD/monitor.py línia 110 funció <module>)
2024-05-03 09:47:03,848 [INFO] [config.py:62] - Navegador Chrome creat correctament (Cridat des de /home/catalanet/XMCD/monitor.py línia 113 funció <module>)
2024-05-03 09:47:03,884 [INFO] [config.py:62] - Creant el cercador Google ... (Cridat des de /home/catalanet/XMCD/monitor.py línia 119 funció <module>)
2024-05-03 09:47:13,417 [INFO] [config.py:62] - Cercador Google creat correctament (Cridat des de /home/catalanet/XMCD/monitor.py línia 122 funció <module>)
2024-05-03 09:47:13,676 [INFO] [config.py:62] - Cerca a executar: proteïna vegetal (Cridat des de /home/catalanet/XMCD/monitor.py línia 135 funció <module>)
2024-05-03 09:47:31,735 [INFO] [cercador_google.py:111] - Obtenint la segona pàgina de proteïna vegetal...
2024-05-03 09:47:43,730 [INFO] [cercador_google.py:129] - S'han agafat els 10 resultats a la segona pàgina de proteïna vegetal...
2024-05-03 09:47:44,774 [INFO] [cercador_google.py:167] - Valorant els resultats de proteïna vegetal...
2024-05-03 09:47:44,775 [INFO] [monitor.py:72] - Guardant a la base de dades els resultats per la cerca proteïna vegetal
2024-05-03 09:47:44,775 [INFO] [monitor.py:74] - Guardant a la base de dades la posició 1, amb el sensor kakkz
2024-05-03 09:47:44,854 [INFO] [monitor.py:74] - Guardant a la base de dades la posició 2, amb el sensor kakkz
2024-05-03 09:47:44,956 [INFO] [monitor.py:74] - Guardant a la base de dades la posició 3, amb el sensor kakkz
2024-05-03 09:47:45,058 [INFO] [monitor.py:74] - Guardant a la base de dades la posició 4, amb el sensor kakkz
2024-05-03 09:47:45,160 [INFO] [monitor.py:74] - Guardant a la base de dades la posició 5, amb el sensor kakkz
2024-05-03 09:47:45,263 [INFO] [monitor.py:74] - Guardant a la base de dades la posició 6, amb el sensor kakkz
2024-05-03 09:47:45,365 [INFO] [monitor.py:74] - Guardant a la base de dades la posició 7, amb el sensor kakkz
2024-05-03 09:47:45,467 [INFO] [monitor.py:74] - Guardant a la base de dades la posició 8, amb el sensor kakkz
2024-05-03 09:47:45,570 [INFO] [monitor.py:74] - Guardant a la base de dades la posició 9, amb el sensor kakkz
2024-05-03 09:47:45,675 [INFO] [monitor.py:74] - Guardant a la base de dades la posició 10, amb el sensor kakkz
2024-05-03 09:47:46,081 [INFO] [config.py:62] - Crawler finalitzat (Cridat des de /home/catalanet/XMCD/monitor.py línia 157 funció <module>)
