1696946955446	geckodriver	INFO	Listening on 127.0.0.1:33803
1696946955455	mozrunner::runner	INFO	Running command: MOZ_CRASHREPORTER="1" MOZ_CRASHREPORTER_NO_REPORT="1" MOZ_CRASHREPORTER_SHUTDOWN="1" MOZ_NO_REMOTE="1" "/usr ... ss" "--remote-debugging-port" "58815" "--remote-allow-hosts" "localhost" "-no-remote" "-profile" "/tmp/rust_mozprofile23TP10"
*** You are running in headless mode.
console.warn: services.settings: Ignoring preference override of remote settings server
console.warn: services.settings: Allow by setting MOZ_REMOTE_SETTINGS_DEVTOOLS=1 in the environment
1696946956193	Marionette	INFO	Marionette enabled
1696946956290	Marionette	INFO	Listening on port 37463
WebDriver BiDi listening on ws://127.0.0.1:58815
Read port: 37463
1696946956539	RemoteAgent	WARN	TLS certificate errors will be ignored for this session
[GFX1-]: RenderCompositorSWGL failed mapping default framebuffer, no dt
console.error: ({})
DevTools listening on ws://127.0.0.1:58815/devtools/browser/d3eef3cf-3066-4bec-9b00-02e9cf18d9ca
console.warn: LoginRecipes: "Falling back to a synchronous message for: https://www.google.com."
console.error: "update.locale" " file doesn't exist in either the application or GRE directories"
JavaScript warning: https://www.youtube.com/s/player/4a66ccde/www-embed-player.vflset/www-embed-player.js, line 1009: Script terminated by timeout at:
c@https://www.youtube.com/s/player/4a66ccde/www-embed-player.vflset/www-embed-player.js:1009:18
e@https://www.youtube.com/s/player/4a66ccde/www-embed-player.vflset/www-embed-player.js:1020:15

1696960408960	Marionette	INFO	Stopped listening on port 37463
Exiting due to channel error.
Exiting due to channel error.
Exiting due to channel error.
Exiting due to channel error.
Exiting due to channel error.
[GFX1-]: CompositorBridgeChild receives IPC close with reason=AbnormalShutdown
Exiting due to channel error.
